04-05-2022 08:14:12 am:
 ForbiddenError: invalid csrf token
    at csrf (C:\Users\alboo\OneDrive\htdocs\Tenancy\hub-app\node_modules\csurf\index.js:112:19)
    at Layer.handle [as handle_request] (C:\Users\alboo\OneDrive\htdocs\Tenancy\hub-app\node_modules\express\lib\router\layer.js:95:5)
    at trim_prefix (C:\Users\alboo\OneDrive\htdocs\Tenancy\hub-app\node_modules\express\lib\router\index.js:323:13)
    at C:\Users\alboo\OneDrive\htdocs\Tenancy\hub-app\node_modules\express\lib\router\index.js:284:7
    at Function.process_params (C:\Users\alboo\OneDrive\htdocs\Tenancy\hub-app\node_modules\express\lib\router\index.js:341:12)
    at next (C:\Users\alboo\OneDrive\htdocs\Tenancy\hub-app\node_modules\express\lib\router\index.js:275:10)
    at C:\Users\alboo\OneDrive\htdocs\Tenancy\hub-app\node_modules\express-fileupload\lib\index.js:35:14
    at Layer.handle [as handle_request] (C:\Users\alboo\OneDrive\htdocs\Tenancy\hub-app\node_modules\express\lib\router\layer.js:95:5)
    at trim_prefix (C:\Users\alboo\OneDrive\htdocs\Tenancy\hub-app\node_modules\express\lib\router\index.js:323:13)
    at C:\Users\alboo\OneDrive\htdocs\Tenancy\hub-app\node_modules\express\lib\router\index.js:284:7
undefined
====================================================
04-05-2022 08:15:12 am:
 ForbiddenError: invalid csrf token
    at csrf (C:\Users\alboo\OneDrive\htdocs\Tenancy\hub-app\node_modules\csurf\index.js:112:19)
    at Layer.handle [as handle_request] (C:\Users\alboo\OneDrive\htdocs\Tenancy\hub-app\node_modules\express\lib\router\layer.js:95:5)
    at trim_prefix (C:\Users\alboo\OneDrive\htdocs\Tenancy\hub-app\node_modules\express\lib\router\index.js:323:13)
    at C:\Users\alboo\OneDrive\htdocs\Tenancy\hub-app\node_modules\express\lib\router\index.js:284:7
    at Function.process_params (C:\Users\alboo\OneDrive\htdocs\Tenancy\hub-app\node_modules\express\lib\router\index.js:341:12)
    at next (C:\Users\alboo\OneDrive\htdocs\Tenancy\hub-app\node_modules\express\lib\router\index.js:275:10)
    at C:\Users\alboo\OneDrive\htdocs\Tenancy\hub-app\node_modules\express-fileupload\lib\index.js:35:14
    at Layer.handle [as handle_request] (C:\Users\alboo\OneDrive\htdocs\Tenancy\hub-app\node_modules\express\lib\router\layer.js:95:5)
    at trim_prefix (C:\Users\alboo\OneDrive\htdocs\Tenancy\hub-app\node_modules\express\lib\router\index.js:323:13)
    at C:\Users\alboo\OneDrive\htdocs\Tenancy\hub-app\node_modules\express\lib\router\index.js:284:7
undefined
====================================================
04-05-2022 08:19:12 am:
 ForbiddenError: invalid csrf token
    at csrf (C:\Users\alboo\OneDrive\htdocs\Tenancy\hub-app\node_modules\csurf\index.js:112:19)
    at Layer.handle [as handle_request] (C:\Users\alboo\OneDrive\htdocs\Tenancy\hub-app\node_modules\express\lib\router\layer.js:95:5)
    at trim_prefix (C:\Users\alboo\OneDrive\htdocs\Tenancy\hub-app\node_modules\express\lib\router\index.js:323:13)
    at C:\Users\alboo\OneDrive\htdocs\Tenancy\hub-app\node_modules\express\lib\router\index.js:284:7
    at Function.process_params (C:\Users\alboo\OneDrive\htdocs\Tenancy\hub-app\node_modules\express\lib\router\index.js:341:12)
    at next (C:\Users\alboo\OneDrive\htdocs\Tenancy\hub-app\node_modules\express\lib\router\index.js:275:10)
    at C:\Users\alboo\OneDrive\htdocs\Tenancy\hub-app\node_modules\express-fileupload\lib\index.js:35:14
    at Layer.handle [as handle_request] (C:\Users\alboo\OneDrive\htdocs\Tenancy\hub-app\node_modules\express\lib\router\layer.js:95:5)
    at trim_prefix (C:\Users\alboo\OneDrive\htdocs\Tenancy\hub-app\node_modules\express\lib\router\index.js:323:13)
    at C:\Users\alboo\OneDrive\htdocs\Tenancy\hub-app\node_modules\express\lib\router\index.js:284:7
undefined
====================================================
04-05-2022 08:20:12 am:
 ForbiddenError: invalid csrf token
    at csrf (C:\Users\alboo\OneDrive\htdocs\Tenancy\hub-app\node_modules\csurf\index.js:112:19)
    at Layer.handle [as handle_request] (C:\Users\alboo\OneDrive\htdocs\Tenancy\hub-app\node_modules\express\lib\router\layer.js:95:5)
    at trim_prefix (C:\Users\alboo\OneDrive\htdocs\Tenancy\hub-app\node_modules\express\lib\router\index.js:323:13)
    at C:\Users\alboo\OneDrive\htdocs\Tenancy\hub-app\node_modules\express\lib\router\index.js:284:7
    at Function.process_params (C:\Users\alboo\OneDrive\htdocs\Tenancy\hub-app\node_modules\express\lib\router\index.js:341:12)
    at next (C:\Users\alboo\OneDrive\htdocs\Tenancy\hub-app\node_modules\express\lib\router\index.js:275:10)
    at C:\Users\alboo\OneDrive\htdocs\Tenancy\hub-app\node_modules\express-fileupload\lib\index.js:35:14
    at Layer.handle [as handle_request] (C:\Users\alboo\OneDrive\htdocs\Tenancy\hub-app\node_modules\express\lib\router\layer.js:95:5)
    at trim_prefix (C:\Users\alboo\OneDrive\htdocs\Tenancy\hub-app\node_modules\express\lib\router\index.js:323:13)
    at C:\Users\alboo\OneDrive\htdocs\Tenancy\hub-app\node_modules\express\lib\router\index.js:284:7
undefined
====================================================
04-05-2022 08:24:12 am:
 ForbiddenError: invalid csrf token
    at csrf (C:\Users\alboo\OneDrive\htdocs\Tenancy\hub-app\node_modules\csurf\index.js:112:19)
    at Layer.handle [as handle_request] (C:\Users\alboo\OneDrive\htdocs\Tenancy\hub-app\node_modules\express\lib\router\layer.js:95:5)
    at trim_prefix (C:\Users\alboo\OneDrive\htdocs\Tenancy\hub-app\node_modules\express\lib\router\index.js:323:13)
    at C:\Users\alboo\OneDrive\htdocs\Tenancy\hub-app\node_modules\express\lib\router\index.js:284:7
    at Function.process_params (C:\Users\alboo\OneDrive\htdocs\Tenancy\hub-app\node_modules\express\lib\router\index.js:341:12)
    at next (C:\Users\alboo\OneDrive\htdocs\Tenancy\hub-app\node_modules\express\lib\router\index.js:275:10)
    at C:\Users\alboo\OneDrive\htdocs\Tenancy\hub-app\node_modules\express-fileupload\lib\index.js:35:14
    at Layer.handle [as handle_request] (C:\Users\alboo\OneDrive\htdocs\Tenancy\hub-app\node_modules\express\lib\router\layer.js:95:5)
    at trim_prefix (C:\Users\alboo\OneDrive\htdocs\Tenancy\hub-app\node_modules\express\lib\router\index.js:323:13)
    at C:\Users\alboo\OneDrive\htdocs\Tenancy\hub-app\node_modules\express\lib\router\index.js:284:7
undefined
====================================================
04-05-2022 08:25:12 am:
 ForbiddenError: invalid csrf token
    at csrf (C:\Users\alboo\OneDrive\htdocs\Tenancy\hub-app\node_modules\csurf\index.js:112:19)
    at Layer.handle [as handle_request] (C:\Users\alboo\OneDrive\htdocs\Tenancy\hub-app\node_modules\express\lib\router\layer.js:95:5)
    at trim_prefix (C:\Users\alboo\OneDrive\htdocs\Tenancy\hub-app\node_modules\express\lib\router\index.js:323:13)
    at C:\Users\alboo\OneDrive\htdocs\Tenancy\hub-app\node_modules\express\lib\router\index.js:284:7
    at Function.process_params (C:\Users\alboo\OneDrive\htdocs\Tenancy\hub-app\node_modules\express\lib\router\index.js:341:12)
    at next (C:\Users\alboo\OneDrive\htdocs\Tenancy\hub-app\node_modules\express\lib\router\index.js:275:10)
    at C:\Users\alboo\OneDrive\htdocs\Tenancy\hub-app\node_modules\express-fileupload\lib\index.js:35:14
    at Layer.handle [as handle_request] (C:\Users\alboo\OneDrive\htdocs\Tenancy\hub-app\node_modules\express\lib\router\layer.js:95:5)
    at trim_prefix (C:\Users\alboo\OneDrive\htdocs\Tenancy\hub-app\node_modules\express\lib\router\index.js:323:13)
    at C:\Users\alboo\OneDrive\htdocs\Tenancy\hub-app\node_modules\express\lib\router\index.js:284:7
undefined
====================================================
04-05-2022 08:29:12 am:
 ForbiddenError: invalid csrf token
    at csrf (C:\Users\alboo\OneDrive\htdocs\Tenancy\hub-app\node_modules\csurf\index.js:112:19)
    at Layer.handle [as handle_request] (C:\Users\alboo\OneDrive\htdocs\Tenancy\hub-app\node_modules\express\lib\router\layer.js:95:5)
    at trim_prefix (C:\Users\alboo\OneDrive\htdocs\Tenancy\hub-app\node_modules\express\lib\router\index.js:323:13)
    at C:\Users\alboo\OneDrive\htdocs\Tenancy\hub-app\node_modules\express\lib\router\index.js:284:7
    at Function.process_params (C:\Users\alboo\OneDrive\htdocs\Tenancy\hub-app\node_modules\express\lib\router\index.js:341:12)
    at next (C:\Users\alboo\OneDrive\htdocs\Tenancy\hub-app\node_modules\express\lib\router\index.js:275:10)
    at C:\Users\alboo\OneDrive\htdocs\Tenancy\hub-app\node_modules\express-fileupload\lib\index.js:35:14
    at Layer.handle [as handle_request] (C:\Users\alboo\OneDrive\htdocs\Tenancy\hub-app\node_modules\express\lib\router\layer.js:95:5)
    at trim_prefix (C:\Users\alboo\OneDrive\htdocs\Tenancy\hub-app\node_modules\express\lib\router\index.js:323:13)
    at C:\Users\alboo\OneDrive\htdocs\Tenancy\hub-app\node_modules\express\lib\router\index.js:284:7
undefined
====================================================
04-05-2022 08:30:12 am:
 ForbiddenError: invalid csrf token
    at csrf (C:\Users\alboo\OneDrive\htdocs\Tenancy\hub-app\node_modules\csurf\index.js:112:19)
    at Layer.handle [as handle_request] (C:\Users\alboo\OneDrive\htdocs\Tenancy\hub-app\node_modules\express\lib\router\layer.js:95:5)
    at trim_prefix (C:\Users\alboo\OneDrive\htdocs\Tenancy\hub-app\node_modules\express\lib\router\index.js:323:13)
    at C:\Users\alboo\OneDrive\htdocs\Tenancy\hub-app\node_modules\express\lib\router\index.js:284:7
    at Function.process_params (C:\Users\alboo\OneDrive\htdocs\Tenancy\hub-app\node_modules\express\lib\router\index.js:341:12)
    at next (C:\Users\alboo\OneDrive\htdocs\Tenancy\hub-app\node_modules\express\lib\router\index.js:275:10)
    at C:\Users\alboo\OneDrive\htdocs\Tenancy\hub-app\node_modules\express-fileupload\lib\index.js:35:14
    at Layer.handle [as handle_request] (C:\Users\alboo\OneDrive\htdocs\Tenancy\hub-app\node_modules\express\lib\router\layer.js:95:5)
    at trim_prefix (C:\Users\alboo\OneDrive\htdocs\Tenancy\hub-app\node_modules\express\lib\router\index.js:323:13)
    at C:\Users\alboo\OneDrive\htdocs\Tenancy\hub-app\node_modules\express\lib\router\index.js:284:7
undefined
====================================================
04-05-2022 08:34:12 am:
 ForbiddenError: invalid csrf token
    at csrf (C:\Users\alboo\OneDrive\htdocs\Tenancy\hub-app\node_modules\csurf\index.js:112:19)
    at Layer.handle [as handle_request] (C:\Users\alboo\OneDrive\htdocs\Tenancy\hub-app\node_modules\express\lib\router\layer.js:95:5)
    at trim_prefix (C:\Users\alboo\OneDrive\htdocs\Tenancy\hub-app\node_modules\express\lib\router\index.js:323:13)
    at C:\Users\alboo\OneDrive\htdocs\Tenancy\hub-app\node_modules\express\lib\router\index.js:284:7
    at Function.process_params (C:\Users\alboo\OneDrive\htdocs\Tenancy\hub-app\node_modules\express\lib\router\index.js:341:12)
    at next (C:\Users\alboo\OneDrive\htdocs\Tenancy\hub-app\node_modules\express\lib\router\index.js:275:10)
    at C:\Users\alboo\OneDrive\htdocs\Tenancy\hub-app\node_modules\express-fileupload\lib\index.js:35:14
    at Layer.handle [as handle_request] (C:\Users\alboo\OneDrive\htdocs\Tenancy\hub-app\node_modules\express\lib\router\layer.js:95:5)
    at trim_prefix (C:\Users\alboo\OneDrive\htdocs\Tenancy\hub-app\node_modules\express\lib\router\index.js:323:13)
    at C:\Users\alboo\OneDrive\htdocs\Tenancy\hub-app\node_modules\express\lib\router\index.js:284:7
undefined
====================================================
04-05-2022 08:39:12 am:
 ForbiddenError: invalid csrf token
    at csrf (C:\Users\alboo\OneDrive\htdocs\Tenancy\hub-app\node_modules\csurf\index.js:112:19)
    at Layer.handle [as handle_request] (C:\Users\alboo\OneDrive\htdocs\Tenancy\hub-app\node_modules\express\lib\router\layer.js:95:5)
    at trim_prefix (C:\Users\alboo\OneDrive\htdocs\Tenancy\hub-app\node_modules\express\lib\router\index.js:323:13)
    at C:\Users\alboo\OneDrive\htdocs\Tenancy\hub-app\node_modules\express\lib\router\index.js:284:7
    at Function.process_params (C:\Users\alboo\OneDrive\htdocs\Tenancy\hub-app\node_modules\express\lib\router\index.js:341:12)
    at next (C:\Users\alboo\OneDrive\htdocs\Tenancy\hub-app\node_modules\express\lib\router\index.js:275:10)
    at C:\Users\alboo\OneDrive\htdocs\Tenancy\hub-app\node_modules\express-fileupload\lib\index.js:35:14
    at Layer.handle [as handle_request] (C:\Users\alboo\OneDrive\htdocs\Tenancy\hub-app\node_modules\express\lib\router\layer.js:95:5)
    at trim_prefix (C:\Users\alboo\OneDrive\htdocs\Tenancy\hub-app\node_modules\express\lib\router\index.js:323:13)
    at C:\Users\alboo\OneDrive\htdocs\Tenancy\hub-app\node_modules\express\lib\router\index.js:284:7
undefined
====================================================
04-05-2022 08:44:12 am:
 ForbiddenError: invalid csrf token
    at csrf (C:\Users\alboo\OneDrive\htdocs\Tenancy\hub-app\node_modules\csurf\index.js:112:19)
    at Layer.handle [as handle_request] (C:\Users\alboo\OneDrive\htdocs\Tenancy\hub-app\node_modules\express\lib\router\layer.js:95:5)
    at trim_prefix (C:\Users\alboo\OneDrive\htdocs\Tenancy\hub-app\node_modules\express\lib\router\index.js:323:13)
    at C:\Users\alboo\OneDrive\htdocs\Tenancy\hub-app\node_modules\express\lib\router\index.js:284:7
    at Function.process_params (C:\Users\alboo\OneDrive\htdocs\Tenancy\hub-app\node_modules\express\lib\router\index.js:341:12)
    at next (C:\Users\alboo\OneDrive\htdocs\Tenancy\hub-app\node_modules\express\lib\router\index.js:275:10)
    at C:\Users\alboo\OneDrive\htdocs\Tenancy\hub-app\node_modules\express-fileupload\lib\index.js:35:14
    at Layer.handle [as handle_request] (C:\Users\alboo\OneDrive\htdocs\Tenancy\hub-app\node_modules\express\lib\router\layer.js:95:5)
    at trim_prefix (C:\Users\alboo\OneDrive\htdocs\Tenancy\hub-app\node_modules\express\lib\router\index.js:323:13)
    at C:\Users\alboo\OneDrive\htdocs\Tenancy\hub-app\node_modules\express\lib\router\index.js:284:7
undefined
====================================================
04-05-2022 08:49:13 am:
 ForbiddenError: invalid csrf token
    at csrf (C:\Users\alboo\OneDrive\htdocs\Tenancy\hub-app\node_modules\csurf\index.js:112:19)
    at Layer.handle [as handle_request] (C:\Users\alboo\OneDrive\htdocs\Tenancy\hub-app\node_modules\express\lib\router\layer.js:95:5)
    at trim_prefix (C:\Users\alboo\OneDrive\htdocs\Tenancy\hub-app\node_modules\express\lib\router\index.js:323:13)
    at C:\Users\alboo\OneDrive\htdocs\Tenancy\hub-app\node_modules\express\lib\router\index.js:284:7
    at Function.process_params (C:\Users\alboo\OneDrive\htdocs\Tenancy\hub-app\node_modules\express\lib\router\index.js:341:12)
    at next (C:\Users\alboo\OneDrive\htdocs\Tenancy\hub-app\node_modules\express\lib\router\index.js:275:10)
    at C:\Users\alboo\OneDrive\htdocs\Tenancy\hub-app\node_modules\express-fileupload\lib\index.js:35:14
    at Layer.handle [as handle_request] (C:\Users\alboo\OneDrive\htdocs\Tenancy\hub-app\node_modules\express\lib\router\layer.js:95:5)
    at trim_prefix (C:\Users\alboo\OneDrive\htdocs\Tenancy\hub-app\node_modules\express\lib\router\index.js:323:13)
    at C:\Users\alboo\OneDrive\htdocs\Tenancy\hub-app\node_modules\express\lib\router\index.js:284:7
undefined
====================================================
04-05-2022 08:54:12 am:
 ForbiddenError: invalid csrf token
    at csrf (C:\Users\alboo\OneDrive\htdocs\Tenancy\hub-app\node_modules\csurf\index.js:112:19)
    at Layer.handle [as handle_request] (C:\Users\alboo\OneDrive\htdocs\Tenancy\hub-app\node_modules\express\lib\router\layer.js:95:5)
    at trim_prefix (C:\Users\alboo\OneDrive\htdocs\Tenancy\hub-app\node_modules\express\lib\router\index.js:323:13)
    at C:\Users\alboo\OneDrive\htdocs\Tenancy\hub-app\node_modules\express\lib\router\index.js:284:7
    at Function.process_params (C:\Users\alboo\OneDrive\htdocs\Tenancy\hub-app\node_modules\express\lib\router\index.js:341:12)
    at next (C:\Users\alboo\OneDrive\htdocs\Tenancy\hub-app\node_modules\express\lib\router\index.js:275:10)
    at C:\Users\alboo\OneDrive\htdocs\Tenancy\hub-app\node_modules\express-fileupload\lib\index.js:35:14
    at Layer.handle [as handle_request] (C:\Users\alboo\OneDrive\htdocs\Tenancy\hub-app\node_modules\express\lib\router\layer.js:95:5)
    at trim_prefix (C:\Users\alboo\OneDrive\htdocs\Tenancy\hub-app\node_modules\express\lib\router\index.js:323:13)
    at C:\Users\alboo\OneDrive\htdocs\Tenancy\hub-app\node_modules\express\lib\router\index.js:284:7
undefined
====================================================
04-05-2022 08:59:12 am:
 ForbiddenError: invalid csrf token
    at csrf (C:\Users\alboo\OneDrive\htdocs\Tenancy\hub-app\node_modules\csurf\index.js:112:19)
    at Layer.handle [as handle_request] (C:\Users\alboo\OneDrive\htdocs\Tenancy\hub-app\node_modules\express\lib\router\layer.js:95:5)
    at trim_prefix (C:\Users\alboo\OneDrive\htdocs\Tenancy\hub-app\node_modules\express\lib\router\index.js:323:13)
    at C:\Users\alboo\OneDrive\htdocs\Tenancy\hub-app\node_modules\express\lib\router\index.js:284:7
    at Function.process_params (C:\Users\alboo\OneDrive\htdocs\Tenancy\hub-app\node_modules\express\lib\router\index.js:341:12)
    at next (C:\Users\alboo\OneDrive\htdocs\Tenancy\hub-app\node_modules\express\lib\router\index.js:275:10)
    at C:\Users\alboo\OneDrive\htdocs\Tenancy\hub-app\node_modules\express-fileupload\lib\index.js:35:14
    at Layer.handle [as handle_request] (C:\Users\alboo\OneDrive\htdocs\Tenancy\hub-app\node_modules\express\lib\router\layer.js:95:5)
    at trim_prefix (C:\Users\alboo\OneDrive\htdocs\Tenancy\hub-app\node_modules\express\lib\router\index.js:323:13)
    at C:\Users\alboo\OneDrive\htdocs\Tenancy\hub-app\node_modules\express\lib\router\index.js:284:7
undefined
====================================================
04-05-2022 09:04:12 am:
 ForbiddenError: invalid csrf token
    at csrf (C:\Users\alboo\OneDrive\htdocs\Tenancy\hub-app\node_modules\csurf\index.js:112:19)
    at Layer.handle [as handle_request] (C:\Users\alboo\OneDrive\htdocs\Tenancy\hub-app\node_modules\express\lib\router\layer.js:95:5)
    at trim_prefix (C:\Users\alboo\OneDrive\htdocs\Tenancy\hub-app\node_modules\express\lib\router\index.js:323:13)
    at C:\Users\alboo\OneDrive\htdocs\Tenancy\hub-app\node_modules\express\lib\router\index.js:284:7
    at Function.process_params (C:\Users\alboo\OneDrive\htdocs\Tenancy\hub-app\node_modules\express\lib\router\index.js:341:12)
    at next (C:\Users\alboo\OneDrive\htdocs\Tenancy\hub-app\node_modules\express\lib\router\index.js:275:10)
    at C:\Users\alboo\OneDrive\htdocs\Tenancy\hub-app\node_modules\express-fileupload\lib\index.js:35:14
    at Layer.handle [as handle_request] (C:\Users\alboo\OneDrive\htdocs\Tenancy\hub-app\node_modules\express\lib\router\layer.js:95:5)
    at trim_prefix (C:\Users\alboo\OneDrive\htdocs\Tenancy\hub-app\node_modules\express\lib\router\index.js:323:13)
    at C:\Users\alboo\OneDrive\htdocs\Tenancy\hub-app\node_modules\express\lib\router\index.js:284:7
undefined
====================================================
04-05-2022 09:09:12 am:
 ForbiddenError: invalid csrf token
    at csrf (C:\Users\alboo\OneDrive\htdocs\Tenancy\hub-app\node_modules\csurf\index.js:112:19)
    at Layer.handle [as handle_request] (C:\Users\alboo\OneDrive\htdocs\Tenancy\hub-app\node_modules\express\lib\router\layer.js:95:5)
    at trim_prefix (C:\Users\alboo\OneDrive\htdocs\Tenancy\hub-app\node_modules\express\lib\router\index.js:323:13)
    at C:\Users\alboo\OneDrive\htdocs\Tenancy\hub-app\node_modules\express\lib\router\index.js:284:7
    at Function.process_params (C:\Users\alboo\OneDrive\htdocs\Tenancy\hub-app\node_modules\express\lib\router\index.js:341:12)
    at next (C:\Users\alboo\OneDrive\htdocs\Tenancy\hub-app\node_modules\express\lib\router\index.js:275:10)
    at C:\Users\alboo\OneDrive\htdocs\Tenancy\hub-app\node_modules\express-fileupload\lib\index.js:35:14
    at Layer.handle [as handle_request] (C:\Users\alboo\OneDrive\htdocs\Tenancy\hub-app\node_modules\express\lib\router\layer.js:95:5)
    at trim_prefix (C:\Users\alboo\OneDrive\htdocs\Tenancy\hub-app\node_modules\express\lib\router\index.js:323:13)
    at C:\Users\alboo\OneDrive\htdocs\Tenancy\hub-app\node_modules\express\lib\router\index.js:284:7
undefined
====================================================
04-05-2022 09:14:12 am:
 ForbiddenError: invalid csrf token
    at csrf (C:\Users\alboo\OneDrive\htdocs\Tenancy\hub-app\node_modules\csurf\index.js:112:19)
    at Layer.handle [as handle_request] (C:\Users\alboo\OneDrive\htdocs\Tenancy\hub-app\node_modules\express\lib\router\layer.js:95:5)
    at trim_prefix (C:\Users\alboo\OneDrive\htdocs\Tenancy\hub-app\node_modules\express\lib\router\index.js:323:13)
    at C:\Users\alboo\OneDrive\htdocs\Tenancy\hub-app\node_modules\express\lib\router\index.js:284:7
    at Function.process_params (C:\Users\alboo\OneDrive\htdocs\Tenancy\hub-app\node_modules\express\lib\router\index.js:341:12)
    at next (C:\Users\alboo\OneDrive\htdocs\Tenancy\hub-app\node_modules\express\lib\router\index.js:275:10)
    at C:\Users\alboo\OneDrive\htdocs\Tenancy\hub-app\node_modules\express-fileupload\lib\index.js:35:14
    at Layer.handle [as handle_request] (C:\Users\alboo\OneDrive\htdocs\Tenancy\hub-app\node_modules\express\lib\router\layer.js:95:5)
    at trim_prefix (C:\Users\alboo\OneDrive\htdocs\Tenancy\hub-app\node_modules\express\lib\router\index.js:323:13)
    at C:\Users\alboo\OneDrive\htdocs\Tenancy\hub-app\node_modules\express\lib\router\index.js:284:7
undefined
====================================================
04-05-2022 09:19:12 am:
 ForbiddenError: invalid csrf token
    at csrf (C:\Users\alboo\OneDrive\htdocs\Tenancy\hub-app\node_modules\csurf\index.js:112:19)
    at Layer.handle [as handle_request] (C:\Users\alboo\OneDrive\htdocs\Tenancy\hub-app\node_modules\express\lib\router\layer.js:95:5)
    at trim_prefix (C:\Users\alboo\OneDrive\htdocs\Tenancy\hub-app\node_modules\express\lib\router\index.js:323:13)
    at C:\Users\alboo\OneDrive\htdocs\Tenancy\hub-app\node_modules\express\lib\router\index.js:284:7
    at Function.process_params (C:\Users\alboo\OneDrive\htdocs\Tenancy\hub-app\node_modules\express\lib\router\index.js:341:12)
    at next (C:\Users\alboo\OneDrive\htdocs\Tenancy\hub-app\node_modules\express\lib\router\index.js:275:10)
    at C:\Users\alboo\OneDrive\htdocs\Tenancy\hub-app\node_modules\express-fileupload\lib\index.js:35:14
    at Layer.handle [as handle_request] (C:\Users\alboo\OneDrive\htdocs\Tenancy\hub-app\node_modules\express\lib\router\layer.js:95:5)
    at trim_prefix (C:\Users\alboo\OneDrive\htdocs\Tenancy\hub-app\node_modules\express\lib\router\index.js:323:13)
    at C:\Users\alboo\OneDrive\htdocs\Tenancy\hub-app\node_modules\express\lib\router\index.js:284:7
undefined
====================================================
04-05-2022 09:24:12 am:
 ForbiddenError: invalid csrf token
    at csrf (C:\Users\alboo\OneDrive\htdocs\Tenancy\hub-app\node_modules\csurf\index.js:112:19)
    at Layer.handle [as handle_request] (C:\Users\alboo\OneDrive\htdocs\Tenancy\hub-app\node_modules\express\lib\router\layer.js:95:5)
    at trim_prefix (C:\Users\alboo\OneDrive\htdocs\Tenancy\hub-app\node_modules\express\lib\router\index.js:323:13)
    at C:\Users\alboo\OneDrive\htdocs\Tenancy\hub-app\node_modules\express\lib\router\index.js:284:7
    at Function.process_params (C:\Users\alboo\OneDrive\htdocs\Tenancy\hub-app\node_modules\express\lib\router\index.js:341:12)
    at next (C:\Users\alboo\OneDrive\htdocs\Tenancy\hub-app\node_modules\express\lib\router\index.js:275:10)
    at C:\Users\alboo\OneDrive\htdocs\Tenancy\hub-app\node_modules\express-fileupload\lib\index.js:35:14
    at Layer.handle [as handle_request] (C:\Users\alboo\OneDrive\htdocs\Tenancy\hub-app\node_modules\express\lib\router\layer.js:95:5)
    at trim_prefix (C:\Users\alboo\OneDrive\htdocs\Tenancy\hub-app\node_modules\express\lib\router\index.js:323:13)
    at C:\Users\alboo\OneDrive\htdocs\Tenancy\hub-app\node_modules\express\lib\router\index.js:284:7
undefined
====================================================
04-05-2022 09:29:12 am:
 ForbiddenError: invalid csrf token
    at csrf (C:\Users\alboo\OneDrive\htdocs\Tenancy\hub-app\node_modules\csurf\index.js:112:19)
    at Layer.handle [as handle_request] (C:\Users\alboo\OneDrive\htdocs\Tenancy\hub-app\node_modules\express\lib\router\layer.js:95:5)
    at trim_prefix (C:\Users\alboo\OneDrive\htdocs\Tenancy\hub-app\node_modules\express\lib\router\index.js:323:13)
    at C:\Users\alboo\OneDrive\htdocs\Tenancy\hub-app\node_modules\express\lib\router\index.js:284:7
    at Function.process_params (C:\Users\alboo\OneDrive\htdocs\Tenancy\hub-app\node_modules\express\lib\router\index.js:341:12)
    at next (C:\Users\alboo\OneDrive\htdocs\Tenancy\hub-app\node_modules\express\lib\router\index.js:275:10)
    at C:\Users\alboo\OneDrive\htdocs\Tenancy\hub-app\node_modules\express-fileupload\lib\index.js:35:14
    at Layer.handle [as handle_request] (C:\Users\alboo\OneDrive\htdocs\Tenancy\hub-app\node_modules\express\lib\router\layer.js:95:5)
    at trim_prefix (C:\Users\alboo\OneDrive\htdocs\Tenancy\hub-app\node_modules\express\lib\router\index.js:323:13)
    at C:\Users\alboo\OneDrive\htdocs\Tenancy\hub-app\node_modules\express\lib\router\index.js:284:7
undefined
====================================================
04-05-2022 02:09:12 pm:
 ForbiddenError: invalid csrf token
    at csrf (C:\Users\alboo\OneDrive\htdocs\Tenancy\hub-app\node_modules\csurf\index.js:112:19)
    at Layer.handle [as handle_request] (C:\Users\alboo\OneDrive\htdocs\Tenancy\hub-app\node_modules\express\lib\router\layer.js:95:5)
    at trim_prefix (C:\Users\alboo\OneDrive\htdocs\Tenancy\hub-app\node_modules\express\lib\router\index.js:323:13)
    at C:\Users\alboo\OneDrive\htdocs\Tenancy\hub-app\node_modules\express\lib\router\index.js:284:7
    at Function.process_params (C:\Users\alboo\OneDrive\htdocs\Tenancy\hub-app\node_modules\express\lib\router\index.js:341:12)
    at next (C:\Users\alboo\OneDrive\htdocs\Tenancy\hub-app\node_modules\express\lib\router\index.js:275:10)
    at C:\Users\alboo\OneDrive\htdocs\Tenancy\hub-app\node_modules\express-fileupload\lib\index.js:35:14
    at Layer.handle [as handle_request] (C:\Users\alboo\OneDrive\htdocs\Tenancy\hub-app\node_modules\express\lib\router\layer.js:95:5)
    at trim_prefix (C:\Users\alboo\OneDrive\htdocs\Tenancy\hub-app\node_modules\express\lib\router\index.js:323:13)
    at C:\Users\alboo\OneDrive\htdocs\Tenancy\hub-app\node_modules\express\lib\router\index.js:284:7
undefined
====================================================
04-05-2022 02:14:05 pm:
 ForbiddenError: invalid csrf token
    at csrf (C:\Users\alboo\OneDrive\htdocs\Tenancy\hub-app\node_modules\csurf\index.js:112:19)
    at Layer.handle [as handle_request] (C:\Users\alboo\OneDrive\htdocs\Tenancy\hub-app\node_modules\express\lib\router\layer.js:95:5)
    at trim_prefix (C:\Users\alboo\OneDrive\htdocs\Tenancy\hub-app\node_modules\express\lib\router\index.js:323:13)
    at C:\Users\alboo\OneDrive\htdocs\Tenancy\hub-app\node_modules\express\lib\router\index.js:284:7
    at Function.process_params (C:\Users\alboo\OneDrive\htdocs\Tenancy\hub-app\node_modules\express\lib\router\index.js:341:12)
    at next (C:\Users\alboo\OneDrive\htdocs\Tenancy\hub-app\node_modules\express\lib\router\index.js:275:10)
    at C:\Users\alboo\OneDrive\htdocs\Tenancy\hub-app\node_modules\express-fileupload\lib\index.js:35:14
    at Layer.handle [as handle_request] (C:\Users\alboo\OneDrive\htdocs\Tenancy\hub-app\node_modules\express\lib\router\layer.js:95:5)
    at trim_prefix (C:\Users\alboo\OneDrive\htdocs\Tenancy\hub-app\node_modules\express\lib\router\index.js:323:13)
    at C:\Users\alboo\OneDrive\htdocs\Tenancy\hub-app\node_modules\express\lib\router\index.js:284:7
undefined
====================================================
04-05-2022 02:19:12 pm:
 ForbiddenError: invalid csrf token
    at csrf (C:\Users\alboo\OneDrive\htdocs\Tenancy\hub-app\node_modules\csurf\index.js:112:19)
    at Layer.handle [as handle_request] (C:\Users\alboo\OneDrive\htdocs\Tenancy\hub-app\node_modules\express\lib\router\layer.js:95:5)
    at trim_prefix (C:\Users\alboo\OneDrive\htdocs\Tenancy\hub-app\node_modules\express\lib\router\index.js:323:13)
    at C:\Users\alboo\OneDrive\htdocs\Tenancy\hub-app\node_modules\express\lib\router\index.js:284:7
    at Function.process_params (C:\Users\alboo\OneDrive\htdocs\Tenancy\hub-app\node_modules\express\lib\router\index.js:341:12)
    at next (C:\Users\alboo\OneDrive\htdocs\Tenancy\hub-app\node_modules\express\lib\router\index.js:275:10)
    at C:\Users\alboo\OneDrive\htdocs\Tenancy\hub-app\node_modules\express-fileupload\lib\index.js:35:14
    at Layer.handle [as handle_request] (C:\Users\alboo\OneDrive\htdocs\Tenancy\hub-app\node_modules\express\lib\router\layer.js:95:5)
    at trim_prefix (C:\Users\alboo\OneDrive\htdocs\Tenancy\hub-app\node_modules\express\lib\router\index.js:323:13)
    at C:\Users\alboo\OneDrive\htdocs\Tenancy\hub-app\node_modules\express\lib\router\index.js:284:7
undefined
====================================================
04-05-2022 02:24:12 pm:
 ForbiddenError: invalid csrf token
    at csrf (C:\Users\alboo\OneDrive\htdocs\Tenancy\hub-app\node_modules\csurf\index.js:112:19)
    at Layer.handle [as handle_request] (C:\Users\alboo\OneDrive\htdocs\Tenancy\hub-app\node_modules\express\lib\router\layer.js:95:5)
    at trim_prefix (C:\Users\alboo\OneDrive\htdocs\Tenancy\hub-app\node_modules\express\lib\router\index.js:323:13)
    at C:\Users\alboo\OneDrive\htdocs\Tenancy\hub-app\node_modules\express\lib\router\index.js:284:7
    at Function.process_params (C:\Users\alboo\OneDrive\htdocs\Tenancy\hub-app\node_modules\express\lib\router\index.js:341:12)
    at next (C:\Users\alboo\OneDrive\htdocs\Tenancy\hub-app\node_modules\express\lib\router\index.js:275:10)
    at C:\Users\alboo\OneDrive\htdocs\Tenancy\hub-app\node_modules\express-fileupload\lib\index.js:35:14
    at Layer.handle [as handle_request] (C:\Users\alboo\OneDrive\htdocs\Tenancy\hub-app\node_modules\express\lib\router\layer.js:95:5)
    at trim_prefix (C:\Users\alboo\OneDrive\htdocs\Tenancy\hub-app\node_modules\express\lib\router\index.js:323:13)
    at C:\Users\alboo\OneDrive\htdocs\Tenancy\hub-app\node_modules\express\lib\router\index.js:284:7
undefined
====================================================
04-05-2022 02:29:12 pm:
 ForbiddenError: invalid csrf token
    at csrf (C:\Users\alboo\OneDrive\htdocs\Tenancy\hub-app\node_modules\csurf\index.js:112:19)
    at Layer.handle [as handle_request] (C:\Users\alboo\OneDrive\htdocs\Tenancy\hub-app\node_modules\express\lib\router\layer.js:95:5)
    at trim_prefix (C:\Users\alboo\OneDrive\htdocs\Tenancy\hub-app\node_modules\express\lib\router\index.js:323:13)
    at C:\Users\alboo\OneDrive\htdocs\Tenancy\hub-app\node_modules\express\lib\router\index.js:284:7
    at Function.process_params (C:\Users\alboo\OneDrive\htdocs\Tenancy\hub-app\node_modules\express\lib\router\index.js:341:12)
    at next (C:\Users\alboo\OneDrive\htdocs\Tenancy\hub-app\node_modules\express\lib\router\index.js:275:10)
    at C:\Users\alboo\OneDrive\htdocs\Tenancy\hub-app\node_modules\express-fileupload\lib\index.js:35:14
    at Layer.handle [as handle_request] (C:\Users\alboo\OneDrive\htdocs\Tenancy\hub-app\node_modules\express\lib\router\layer.js:95:5)
    at trim_prefix (C:\Users\alboo\OneDrive\htdocs\Tenancy\hub-app\node_modules\express\lib\router\index.js:323:13)
    at C:\Users\alboo\OneDrive\htdocs\Tenancy\hub-app\node_modules\express\lib\router\index.js:284:7
undefined
====================================================
04-05-2022 02:34:05 pm:
 ForbiddenError: invalid csrf token
    at csrf (C:\Users\alboo\OneDrive\htdocs\Tenancy\hub-app\node_modules\csurf\index.js:112:19)
    at Layer.handle [as handle_request] (C:\Users\alboo\OneDrive\htdocs\Tenancy\hub-app\node_modules\express\lib\router\layer.js:95:5)
    at trim_prefix (C:\Users\alboo\OneDrive\htdocs\Tenancy\hub-app\node_modules\express\lib\router\index.js:323:13)
    at C:\Users\alboo\OneDrive\htdocs\Tenancy\hub-app\node_modules\express\lib\router\index.js:284:7
    at Function.process_params (C:\Users\alboo\OneDrive\htdocs\Tenancy\hub-app\node_modules\express\lib\router\index.js:341:12)
    at next (C:\Users\alboo\OneDrive\htdocs\Tenancy\hub-app\node_modules\express\lib\router\index.js:275:10)
    at C:\Users\alboo\OneDrive\htdocs\Tenancy\hub-app\node_modules\express-fileupload\lib\index.js:35:14
    at Layer.handle [as handle_request] (C:\Users\alboo\OneDrive\htdocs\Tenancy\hub-app\node_modules\express\lib\router\layer.js:95:5)
    at trim_prefix (C:\Users\alboo\OneDrive\htdocs\Tenancy\hub-app\node_modules\express\lib\router\index.js:323:13)
    at C:\Users\alboo\OneDrive\htdocs\Tenancy\hub-app\node_modules\express\lib\router\index.js:284:7
undefined
====================================================
04-05-2022 02:39:12 pm:
 ForbiddenError: invalid csrf token
    at csrf (C:\Users\alboo\OneDrive\htdocs\Tenancy\hub-app\node_modules\csurf\index.js:112:19)
    at Layer.handle [as handle_request] (C:\Users\alboo\OneDrive\htdocs\Tenancy\hub-app\node_modules\express\lib\router\layer.js:95:5)
    at trim_prefix (C:\Users\alboo\OneDrive\htdocs\Tenancy\hub-app\node_modules\express\lib\router\index.js:323:13)
    at C:\Users\alboo\OneDrive\htdocs\Tenancy\hub-app\node_modules\express\lib\router\index.js:284:7
    at Function.process_params (C:\Users\alboo\OneDrive\htdocs\Tenancy\hub-app\node_modules\express\lib\router\index.js:341:12)
    at next (C:\Users\alboo\OneDrive\htdocs\Tenancy\hub-app\node_modules\express\lib\router\index.js:275:10)
    at C:\Users\alboo\OneDrive\htdocs\Tenancy\hub-app\node_modules\express-fileupload\lib\index.js:35:14
    at Layer.handle [as handle_request] (C:\Users\alboo\OneDrive\htdocs\Tenancy\hub-app\node_modules\express\lib\router\layer.js:95:5)
    at trim_prefix (C:\Users\alboo\OneDrive\htdocs\Tenancy\hub-app\node_modules\express\lib\router\index.js:323:13)
    at C:\Users\alboo\OneDrive\htdocs\Tenancy\hub-app\node_modules\express\lib\router\index.js:284:7
undefined
====================================================
