03-05-2022 02:15:43 pm:
 ReferenceError: path is not defined
    at Object.module.exports.preparePayment (C:\Users\alboo\OneDrive\htdocs\Tenancy\hub-app\app\helpers\payments.js:51:38)
    at processTicksAndRejections (internal/process/task_queues.js:93:5)
====================================================
03-05-2022 02:20:12 pm:
 ReferenceError: globals is not defined
    at Object.module.exports.preparePayment (C:\Users\alboo\OneDrive\htdocs\Tenancy\hub-app\app\helpers\payments.js:52:48)
    at processTicksAndRejections (internal/process/task_queues.js:93:5)
====================================================
03-05-2022 02:22:50 pm:
 ReferenceError: file_helpers is not defined
    at Object.module.exports.preparePayment (C:\Users\alboo\OneDrive\htdocs\Tenancy\hub-app\app\helpers\payments.js:54:46)
    at processTicksAndRejections (internal/process/task_queues.js:93:5)
====================================================
03-05-2022 02:24:19 pm:
 Error: ER_BAD_NULL_ERROR: Column 'user_code' cannot be null
    at Query.Sequence._packetToError (C:\Users\alboo\OneDrive\htdocs\Tenancy\hub-app\node_modules\mysql\lib\protocol\sequences\Sequence.js:47:14)
    at Query.ErrorPacket (C:\Users\alboo\OneDrive\htdocs\Tenancy\hub-app\node_modules\mysql\lib\protocol\sequences\Query.js:79:18)
    at Protocol._parsePacket (C:\Users\alboo\OneDrive\htdocs\Tenancy\hub-app\node_modules\mysql\lib\protocol\Protocol.js:291:23)
    at Parser._parsePacket (C:\Users\alboo\OneDrive\htdocs\Tenancy\hub-app\node_modules\mysql\lib\protocol\Parser.js:433:10)
    at Parser.write (C:\Users\alboo\OneDrive\htdocs\Tenancy\hub-app\node_modules\mysql\lib\protocol\Parser.js:43:10)
    at Protocol.write (C:\Users\alboo\OneDrive\htdocs\Tenancy\hub-app\node_modules\mysql\lib\protocol\Protocol.js:38:16)
    at Socket.<anonymous> (C:\Users\alboo\OneDrive\htdocs\Tenancy\hub-app\node_modules\mysql\lib\Connection.js:88:28)
    at Socket.<anonymous> (C:\Users\alboo\OneDrive\htdocs\Tenancy\hub-app\node_modules\mysql\lib\Connection.js:526:10)
    at Socket.emit (events.js:315:20)
    at addChunk (_stream_readable.js:309:12)
    --------------------
    at Pool.query (C:\Users\alboo\OneDrive\htdocs\Tenancy\hub-app\node_modules\mysql\lib\Pool.js:199:23)
    at C:\Users\alboo\OneDrive\htdocs\Tenancy\hub-app\app\db\pool.promise.js:27:24
    at new Promise (<anonymous>)
    at Object.query (C:\Users\alboo\OneDrive\htdocs\Tenancy\hub-app\app\db\pool.promise.js:26:12)
    at processTicksAndRejections (internal/process/task_queues.js:93:5)
    at async Object.exports.insert (C:\Users\alboo\OneDrive\htdocs\Tenancy\hub-app\app\db\db.queries.js:48:21)
INSERT INTO tbl_user_notifications SET `note_head` = 'SMS Failed', `note_message` = 'SMS to Albert - 0711223639 of W2, WILMA APARTMENTS could not be sent!', `user_code` = NULL, `note_class` = 'danger', `note_icon` = 'bx bxs-message-rounded';
====================================================
