28-04-2022 06:00:10 pm:
 ReferenceError: Advert is not defined
    at C:\Users\alboo\OneDrive\htdocs\Tenancy\hub-app\app\routes\agent\properties.js:503:23
    at Layer.handle [as handle_request] (C:\Users\alboo\OneDrive\htdocs\Tenancy\hub-app\node_modules\express\lib\router\layer.js:95:5)
    at next (C:\Users\alboo\OneDrive\htdocs\Tenancy\hub-app\node_modules\express\lib\router\route.js:137:13)
    at Route.dispatch (C:\Users\alboo\OneDrive\htdocs\Tenancy\hub-app\node_modules\express\lib\router\route.js:112:3)
    at Layer.handle [as handle_request] (C:\Users\alboo\OneDrive\htdocs\Tenancy\hub-app\node_modules\express\lib\router\layer.js:95:5)
    at C:\Users\alboo\OneDrive\htdocs\Tenancy\hub-app\node_modules\express\lib\router\index.js:281:22
    at Function.process_params (C:\Users\alboo\OneDrive\htdocs\Tenancy\hub-app\node_modules\express\lib\router\index.js:341:12)
    at next (C:\Users\alboo\OneDrive\htdocs\Tenancy\hub-app\node_modules\express\lib\router\index.js:275:10)
    at Function.handle (C:\Users\alboo\OneDrive\htdocs\Tenancy\hub-app\node_modules\express\lib\router\index.js:174:3)
    at router (C:\Users\alboo\OneDrive\htdocs\Tenancy\hub-app\node_modules\express\lib\router\index.js:47:12)
====================================================
28-04-2022 06:00:27 pm:
 ReferenceError: Advert is not defined
    at C:\Users\alboo\OneDrive\htdocs\Tenancy\hub-app\app\routes\agent\properties.js:503:23
    at Layer.handle [as handle_request] (C:\Users\alboo\OneDrive\htdocs\Tenancy\hub-app\node_modules\express\lib\router\layer.js:95:5)
    at next (C:\Users\alboo\OneDrive\htdocs\Tenancy\hub-app\node_modules\express\lib\router\route.js:137:13)
    at Route.dispatch (C:\Users\alboo\OneDrive\htdocs\Tenancy\hub-app\node_modules\express\lib\router\route.js:112:3)
    at Layer.handle [as handle_request] (C:\Users\alboo\OneDrive\htdocs\Tenancy\hub-app\node_modules\express\lib\router\layer.js:95:5)
    at C:\Users\alboo\OneDrive\htdocs\Tenancy\hub-app\node_modules\express\lib\router\index.js:281:22
    at Function.process_params (C:\Users\alboo\OneDrive\htdocs\Tenancy\hub-app\node_modules\express\lib\router\index.js:341:12)
    at next (C:\Users\alboo\OneDrive\htdocs\Tenancy\hub-app\node_modules\express\lib\router\index.js:275:10)
    at Function.handle (C:\Users\alboo\OneDrive\htdocs\Tenancy\hub-app\node_modules\express\lib\router\index.js:174:3)
    at router (C:\Users\alboo\OneDrive\htdocs\Tenancy\hub-app\node_modules\express\lib\router\index.js:47:12)
====================================================
